#
# A fatal error has been detected by the Java Runtime Environment:
#
#  EXCEPTION_ILLEGAL_INSTRUCTION (0xc000001d) at pc=0x0000000005a95001, pid=24512, tid=0x0000000000002308
#
# JRE version: Java(TM) SE Runtime Environment (8.0_221-b11) (build 1.8.0_221-b11)
# Java VM: Java HotSpot(TM) 64-Bit Server VM (25.221-b11 mixed mode windows-amd64 compressed oops)
# Problematic frame:
# J 18505 C1 com.sun.org.apache.xerces.internal.impl.XMLDocumentScannerImpl$PrologDriver.next()I (1131 bytes) @ 0x0000000005a95001 [0x0000000005a91a80+0x3581]
#
# Failed to write core dump. Minidumps are not enabled by default on client versions of Windows
#
# If you would like to submit a bug report, please visit:
#   http://bugreport.java.com/bugreport/crash.jsp
#

---------------  T H R E A D  ---------------

Current thread (0x00000000170ca800):  JavaThread "Daemon worker Thread 3" [_thread_in_Java, id=8968, stack(0x0000000019c70000,0x0000000019d70000)]

siginfo: ExceptionCode=0xc000001d

Registers:
RAX=0x0000000000000001, RBX=0x00000000226faf48, RCX=0x0000000000000018, RDX=0x00000000f7592af8
RSP=0x0000000019d63d00, RBP=0x0000000019d64048, RSI=0x00000000f7591670, RDI=0x000000002628a308
R8 =0x0000000100749c78, R9 =0x000000002628a308, R10=0x0000000000000005, R11=0x000000000000002d
R12=0x0000000000000000, R13=0x0000000005a94e04, R14=0x0000000019d63cf8, R15=0x00000000170ca800
RIP=0x0000000005a95001, EFLAGS=0x0000000000010246

Top of Stack: (sp=0x0000000019d63d00)
0x0000000019d63d00:   0000000000000000 0000000000000000
0x0000000019d63d10:   00000000f758fc90 00000000f7591670
0x0000000019d63d20:   0000000000000000 00000000f7596dc0
0x0000000019d63d30:   00000000f7596df0 0000000000000000
0x0000000019d63d40:   00000000f758c748 0000000022745fa8
0x0000000019d63d50:   0000000019d63dc0 000000000255835d
0x0000000019d63d60:   0000000019d63dc0 000000000255835d
0x0000000019d63d70:   0000000000000000 00000000f7591380
0x0000000019d63d80:   0000000019d63d80 0000000022729af2
0x0000000019d63d90:   0000000019d63dd8 0000000022729c10
0x0000000019d63da0:   00000000f7592af8 00000000f7591670
0x0000000019d63db0:   00000000f7591670 0000000019d63de0
0x0000000019d63dc0:   0000000019d64048 0000000003a69248
0x0000000019d63dd0:   0000000019d64048 0000000003a69248
0x0000000019d63de0:   0000000000000000 0000000022704258
0x0000000019d63df0:   0000000019d64048 0000000002c378dc 

Instructions: (pc=0x0000000005a95001)
0x0000000005a94fe1:   98 09 00 00 75 0d 48 83 87 a0 09 00 00 01 e9 50
0x0000000005a94ff1:   00 00 00 48 81 bf 88 09 00 00 00 00 00 00 75 ff
0x0000000005a95001:   ff ff ff 88 09 00 00 48 c7 87 90 09 00 00 01 ff
0x0000000005a95011:   ff ff ff 2c 00 00 00 48 81 bf 98 09 00 00 00 ff 


Register to memory mapping:

RAX=0x0000000000000001 is an unknown value
RBX={method} {0x00000000226faf50} 'skipChar' '(ILcom/sun/org/apache/xerces/internal/impl/XMLScanner$NameType;)Z' in 'com/sun/org/apache/xerces/internal/impl/XMLEntityScanner'
RCX=0x0000000000000018 is an unknown value
RDX=0x00000000f7592af8 is an oop
com.sun.org.apache.xerces.internal.impl.XMLDocumentScannerImpl$PrologDriver 
 - klass: 'com/sun/org/apache/xerces/internal/impl/XMLDocumentScannerImpl$PrologDriver'
RSP=0x0000000019d63d00 is pointing into the stack for thread: 0x00000000170ca800
RBP=0x0000000019d64048 is pointing into the stack for thread: 0x00000000170ca800
RSI=0x00000000f7591670 is an oop
com.sun.org.apache.xerces.internal.impl.XMLDocumentScannerImpl 
 - klass: 'com/sun/org/apache/xerces/internal/impl/XMLDocumentScannerImpl'
RDI=0x000000002628a308 is pointing into metadata
R8 =0x0000000100749c78 is pointing into metadata
R9 =0x000000002628a308 is pointing into metadata
R10=0x0000000000000005 is an unknown value
R11=0x000000000000002d is an unknown value
R12=0x0000000000000000 is an unknown value
R13=0x0000000005a94e04 is at entry_point+13188 in (nmethod*)0x0000000005a91410
R14=0x0000000019d63cf8 is pointing into the stack for thread: 0x00000000170ca800
R15=0x00000000170ca800 is a thread


Stack: [0x0000000019c70000,0x0000000019d70000],  sp=0x0000000019d63d00,  free space=975k
Native frames: (J=compiled Java code, j=interpreted, Vv=VM code, C=native code)
C  0x0000000005a95001


---------------  P R O C E S S  ---------------

Java Threads: ( => current thread )
  0x0000000017bf8000 JavaThread "Cache worker for Build Output Cleanup Cache (C:\Users\marco\source\repos\Poli\TCC\BeaconTrackerNative\android\.gradle\buildOutputCleanup)" [_thread_blocked, id=17300, stack(0x0000000024810000,0x0000000024910000)]
  0x0000000017bf5000 JavaThread "Build operations Thread 8" [_thread_blocked, id=25124, stack(0x0000000023070000,0x0000000023170000)]
  0x0000000017bf4800 JavaThread "Build operations Thread 7" [_thread_blocked, id=24832, stack(0x0000000022f70000,0x0000000023070000)]
  0x0000000017bf9800 JavaThread "Build operations Thread 6" [_thread_blocked, id=24300, stack(0x0000000022e70000,0x0000000022f70000)]
  0x0000000017bf3000 JavaThread "Build operations Thread 5" [_thread_blocked, id=31592, stack(0x0000000021970000,0x0000000021a70000)]
  0x00000000170d9000 JavaThread "Build operations Thread 4" [_thread_blocked, id=11268, stack(0x0000000021870000,0x0000000021970000)]
  0x00000000170d2000 JavaThread "Build operations Thread 3" [_thread_blocked, id=29548, stack(0x0000000021770000,0x0000000021870000)]
  0x00000000170d8000 JavaThread "Build operations Thread 2" [_thread_blocked, id=12968, stack(0x00000000205b0000,0x00000000206b0000)]
  0x00000000170d0800 JavaThread "Build operations" [_thread_blocked, id=14356, stack(0x000000001f2a0000,0x000000001f3a0000)]
  0x00000000170d7800 JavaThread "Cache worker for cache directory md-rule (C:\Users\marco\.gradle\caches\6.2\md-rule)" [_thread_blocked, id=14480, stack(0x000000001e130000,0x000000001e230000)]
  0x00000000170d6800 JavaThread "Cache worker for cache directory md-supplier (C:\Users\marco\.gradle\caches\6.2\md-supplier)" [_thread_blocked, id=2784, stack(0x000000001d010000,0x000000001d110000)]
  0x00000000170d6000 JavaThread "Cache worker for file hash cache (C:\Users\marco\source\repos\Poli\TCC\BeaconTrackerNative\android\.gradle\6.2\fileHashes)" [_thread_blocked, id=31256, stack(0x000000001cf10000,0x000000001d010000)]
  0x00000000170d5000 JavaThread "Cache worker for checksums cache (C:\Users\marco\source\repos\Poli\TCC\BeaconTrackerNative\android\.gradle\checksums)" [_thread_blocked, id=8388, stack(0x000000001cc10000,0x000000001cd10000)]
  0x00000000170d3000 JavaThread "Thread-111" [_thread_blocked, id=25672, stack(0x000000001a170000,0x000000001a270000)]
  0x00000000170d4800 JavaThread "Stdin handler" [_thread_blocked, id=9196, stack(0x000000001a070000,0x000000001a170000)]
  0x00000000170d3800 JavaThread "Asynchronous log dispatcher for DefaultDaemonConnection: socket connection from /127.0.0.1:62262 to /127.0.0.1:63566" [_thread_blocked, id=1832, stack(0x0000000019f70000,0x000000001a070000)]
=>0x00000000170ca800 JavaThread "Daemon worker Thread 3" [_thread_in_Java, id=8968, stack(0x0000000019c70000,0x0000000019d70000)]
  0x00000000170cf000 JavaThread "Cancel handler" [_thread_blocked, id=7836, stack(0x0000000019b70000,0x0000000019c70000)]
  0x00000000170d1800 JavaThread "Handler for socket connection from /127.0.0.1:62262 to /127.0.0.1:63566" [_thread_in_native, id=28752, stack(0x0000000000840000,0x0000000000940000)]
  0x00000000170cc000 JavaThread "Daemon Thread 3" [_thread_blocked, id=13580, stack(0x0000000000600000,0x0000000000700000)]
  0x0000000018a21000 JavaThread "AWT-Windows" daemon [_thread_in_native, id=4116, stack(0x000000002e0c0000,0x000000002e1c0000)]
  0x0000000018a22800 JavaThread "Java2D Disposer" daemon [_thread_blocked, id=13816, stack(0x000000002dec0000,0x000000002dfc0000)]
  0x0000000018a27000 JavaThread "Device List Monitor" [_thread_in_native, id=21584, stack(0x000000002dcc0000,0x000000002ddc0000)]
  0x0000000018a25800 JavaThread "Monitor" [_thread_in_native, id=15116, stack(0x00000000291f0000,0x00000000292f0000)]
  0x000000001d572000 JavaThread "Cache worker for Java compile cache (C:\Users\marco\.gradle\caches\6.2\javaCompile)" [_thread_blocked, id=9940, stack(0x0000000025510000,0x0000000025610000)]
  0x0000000017bf6000 JavaThread "Cache worker for file content cache (C:\Users\marco\.gradle\caches\6.2\fileContent)" [_thread_blocked, id=25696, stack(0x0000000022070000,0x0000000022170000)]
  0x000000001b0db800 JavaThread "Memory manager" [_thread_blocked, id=24852, stack(0x0000000022d70000,0x0000000022e70000)]
  0x00000000188aa800 JavaThread "Cache worker for execution history cache (C:\Users\marco\.gradle\caches\6.2\executionHistory)" [_thread_blocked, id=24932, stack(0x000000001e230000,0x000000001e330000)]
  0x00000000188a6000 JavaThread "Cache worker for file hash cache (C:\Users\marco\.gradle\caches\6.2\fileHashes)" [_thread_blocked, id=27992, stack(0x000000001a970000,0x000000001aa70000)]
  0x00000000188a4800 JavaThread "File lock request listener" [_thread_in_native, id=23940, stack(0x000000001a870000,0x000000001a970000)]
  0x00000000188a5800 JavaThread "Cache worker for journal cache (C:\Users\marco\.gradle\caches\journal-1)" [_thread_blocked, id=29300, stack(0x000000001a770000,0x000000001a870000)]
  0x00000000187b7000 JavaThread "Daemon periodic checks" [_thread_blocked, id=6688, stack(0x0000000019a70000,0x0000000019b70000)]
  0x00000000187b4800 JavaThread "Incoming local TCP Connector on port 62262" [_thread_in_native, id=21816, stack(0x0000000019810000,0x0000000019910000)]
  0x00000000186e9000 JavaThread "Daemon health stats" [_thread_blocked, id=24444, stack(0x00000000191d0000,0x00000000192d0000)]
  0x0000000015bd2800 JavaThread "Service Thread" daemon [_thread_blocked, id=21512, stack(0x0000000016830000,0x0000000016930000)]
  0x0000000015b53800 JavaThread "C1 CompilerThread3" daemon [_thread_blocked, id=21692, stack(0x0000000016730000,0x0000000016830000)]
  0x0000000015b50800 JavaThread "C2 CompilerThread2" daemon [_thread_blocked, id=26956, stack(0x0000000016630000,0x0000000016730000)]
  0x0000000015b47000 JavaThread "C2 CompilerThread1" daemon [_thread_blocked, id=1848, stack(0x0000000016530000,0x0000000016630000)]
  0x0000000015b43000 JavaThread "C2 CompilerThread0" daemon [_thread_blocked, id=28956, stack(0x0000000016430000,0x0000000016530000)]
  0x0000000015b41800 JavaThread "Attach Listener" daemon [_thread_blocked, id=24000, stack(0x0000000016330000,0x0000000016430000)]
  0x0000000015b3e000 JavaThread "Signal Dispatcher" daemon [_thread_blocked, id=11112, stack(0x0000000016230000,0x0000000016330000)]
  0x0000000015b31000 JavaThread "Finalizer" daemon [_thread_blocked, id=1612, stack(0x0000000016010000,0x0000000016110000)]
  0x0000000013d0d800 JavaThread "Reference Handler" daemon [_thread_blocked, id=21544, stack(0x0000000015f10000,0x0000000016010000)]
  0x0000000002454000 JavaThread "main" [_thread_blocked, id=7140, stack(0x0000000002280000,0x0000000002380000)]

Other Threads:
  0x0000000013d08800 VMThread [stack: 0x0000000015a10000,0x0000000015b10000] [id=20016]
  0x0000000015b9c800 WatcherThread [stack: 0x0000000016930000,0x0000000016a30000] [id=24108]

VM state:not at safepoint (normal execution)

VM Mutex/Monitor currently owned by a thread: None

heap address: 0x00000000e0000000, size: 512 MB, Compressed Oops mode: 32-bit
Narrow klass base: 0x0000000000000000, Narrow klass shift: 3
Compressed class space size: 1073741824 Address: 0x0000000100000000

Heap:
 PSYoungGen      total 118784K, used 62835K [0x00000000f5580000, 0x00000000ffe00000, 0x0000000100000000)
  eden space 68608K, 48% used [0x00000000f5580000,0x00000000f7618520,0x00000000f9880000)
  from space 50176K, 58% used [0x00000000fca80000,0x00000000fe744a30,0x00000000ffb80000)
  to   space 51200K, 0% used [0x00000000f9880000,0x00000000f9880000,0x00000000fca80000)
 ParOldGen       total 349696K, used 204515K [0x00000000e0000000, 0x00000000f5580000, 0x00000000f5580000)
  object space 349696K, 58% used [0x00000000e0000000,0x00000000ec7b8c80,0x00000000f5580000)
 Metaspace       used 121816K, capacity 131734K, committed 132096K, reserved 1163264K
  class space    used 16134K, capacity 18306K, committed 18432K, reserved 1048576K

Card table byte_map: [0x0000000011910000,0x0000000011a20000] byte_map_base: 0x0000000011210000

Marking Bits: (ParMarkBitMap*) 0x0000000070645ce0
 Begin Bits: [0x0000000012220000, 0x0000000012a20000)
 End Bits:   [0x0000000012a20000, 0x0000000013220000)

Polling page: 0x0000000000a00000

CodeCache: size=245760Kb used=78327Kb max_used=78342Kb free=167432Kb
 bounds [0x0000000002550000, 0x0000000007230000, 0x0000000011550000]
 total_blobs=22764 nmethods=21795 adapters=878
 compilation: enabled

Compilation events (10 events):
Event: 8271.373 Thread 0x0000000015b53800 nmethod 28434 0x00000000071f8190 code [0x00000000071f82e0, 0x00000000071f83f0]
Event: 8271.373 Thread 0x0000000015b53800 28436   !   3       com.sun.org.apache.xerces.internal.impl.XMLDocumentFragmentScannerImpl$FragmentContentDriver::next (2346 bytes)
Event: 8271.378 Thread 0x0000000015b53800 nmethod 28436 0x0000000007219550 code [0x0000000007219f40, 0x0000000007220e58]
Event: 8271.378 Thread 0x0000000015b53800 28435       3       com.sun.org.apache.xerces.internal.impl.XMLDocumentFragmentScannerImpl::scanComment (31 bytes)
Event: 8271.378 Thread 0x0000000015b53800 nmethod 28435 0x00000000071f7c90 code [0x00000000071f7e00, 0x00000000071f80a8]
Event: 8271.378 Thread 0x0000000015b53800 28437       3       org.apache.http.util.ByteArrayBuffer::append (129 bytes)
Event: 8271.379 Thread 0x0000000015b53800 nmethod 28437 0x00000000071fc6d0 code [0x00000000071fc960, 0x00000000071fdb78]
Event: 8271.379 Thread 0x0000000015b53800 28438       1       org.gradle.internal.logging.slf4j.OutputEventListenerBackedLoggerContext$NoOpLogger::isDebugEnabled (2 bytes)
Event: 8271.379 Thread 0x0000000015b53800 nmethod 28438 0x00000000071fc410 code [0x00000000071fc560, 0x00000000071fc670]
Event: 8271.383 Thread 0x0000000015b43000 28439   !   4       org.gradle.launcher.daemon.server.exec.LogToClient$AsynchronousLogDispatcher::dispatchAsync (33 bytes)

GC Heap History (10 events):
Event: 8262.192 GC heap before
{Heap before GC invocations=60 (full 6):
 PSYoungGen      total 116736K, used 64292K [0x00000000f5580000, 0x0000000100000000, 0x0000000100000000)
  eden space 58880K, 100% used [0x00000000f5580000,0x00000000f8f00000,0x00000000f8f00000)
  from space 57856K, 9% used [0x00000000f8f00000,0x00000000f9449138,0x00000000fc780000)
  to   space 57856K, 0% used [0x00000000fc780000,0x00000000fc780000,0x0000000100000000)
 ParOldGen       total 349696K, used 199733K [0x00000000e0000000, 0x00000000f5580000, 0x00000000f5580000)
  object space 349696K, 57% used [0x00000000e0000000,0x00000000ec30d530,0x00000000f5580000)
 Metaspace       used 111293K, capacity 118934K, committed 119552K, reserved 1153024K
  class space    used 14487K, capacity 16162K, committed 16384K, reserved 1048576K
Event: 8262.208 GC heap after
Heap after GC invocations=60 (full 6):
 PSYoungGen      total 115712K, used 8742K [0x00000000f5580000, 0x00000000fff00000, 0x0000000100000000)
  eden space 58880K, 0% used [0x00000000f5580000,0x00000000f5580000,0x00000000f8f00000)
  from space 56832K, 15% used [0x00000000fc780000,0x00000000fd009b40,0x00000000fff00000)
  to   space 57344K, 0% used [0x00000000f8f00000,0x00000000f8f00000,0x00000000fc700000)
 ParOldGen       total 349696K, used 204483K [0x00000000e0000000, 0x00000000f5580000, 0x00000000f5580000)
  object space 349696K, 58% used [0x00000000e0000000,0x00000000ec7b0c80,0x00000000f5580000)
 Metaspace       used 111293K, capacity 118934K, committed 119552K, reserved 1153024K
  class space    used 14487K, capacity 16162K, committed 16384K, reserved 1048576K
}
Event: 8262.630 GC heap before
{Heap before GC invocations=61 (full 6):
 PSYoungGen      total 115712K, used 67622K [0x00000000f5580000, 0x00000000fff00000, 0x0000000100000000)
  eden space 58880K, 100% used [0x00000000f5580000,0x00000000f8f00000,0x00000000f8f00000)
  from space 56832K, 15% used [0x00000000fc780000,0x00000000fd009b40,0x00000000fff00000)
  to   space 57344K, 0% used [0x00000000f8f00000,0x00000000f8f00000,0x00000000fc700000)
 ParOldGen       total 349696K, used 204483K [0x00000000e0000000, 0x00000000f5580000, 0x00000000f5580000)
  object space 349696K, 58% used [0x00000000e0000000,0x00000000ec7b0c80,0x00000000f5580000)
 Metaspace       used 114203K, capacity 122334K, committed 122880K, reserved 1155072K
  class space    used 14921K, capacity 16678K, committed 16896K, reserved 1048576K
Event: 8262.644 GC heap after
Heap after GC invocations=61 (full 6):
 PSYoungGen      total 69120K, used 10142K [0x00000000f5580000, 0x00000000ffc80000, 0x0000000100000000)
  eden space 58880K, 0% used [0x00000000f5580000,0x00000000f5580000,0x00000000f8f00000)
  from space 10240K, 99% used [0x00000000f8f00000,0x00000000f98e79e8,0x00000000f9900000)
  to   space 55296K, 0% used [0x00000000fc680000,0x00000000fc680000,0x00000000ffc80000)
 ParOldGen       total 349696K, used 204491K [0x00000000e0000000, 0x00000000f5580000, 0x00000000f5580000)
  object space 349696K, 58% used [0x00000000e0000000,0x00000000ec7b2c80,0x00000000f5580000)
 Metaspace       used 114203K, capacity 122334K, committed 122880K, reserved 1155072K
  class space    used 14921K, capacity 16678K, committed 16896K, reserved 1048576K
}
Event: 8265.786 GC heap before
{Heap before GC invocations=62 (full 6):
 PSYoungGen      total 69120K, used 69022K [0x00000000f5580000, 0x00000000ffc80000, 0x0000000100000000)
  eden space 58880K, 100% used [0x00000000f5580000,0x00000000f8f00000,0x00000000f8f00000)
  from space 10240K, 99% used [0x00000000f8f00000,0x00000000f98e79e8,0x00000000f9900000)
  to   space 55296K, 0% used [0x00000000fc680000,0x00000000fc680000,0x00000000ffc80000)
 ParOldGen       total 349696K, used 204491K [0x00000000e0000000, 0x00000000f5580000, 0x00000000f5580000)
  object space 349696K, 58% used [0x00000000e0000000,0x00000000ec7b2c80,0x00000000f5580000)
 Metaspace       used 117446K, capacity 126066K, committed 126208K, reserved 1159168K
  class space    used 15457K, capacity 17314K, committed 17408K, reserved 1048576K
Event: 8265.797 GC heap after
Heap after GC invocations=62 (full 6):
 PSYoungGen      total 116224K, used 14400K [0x00000000f5580000, 0x00000000ffa00000, 0x0000000100000000)
  eden space 63488K, 0% used [0x00000000f5580000,0x00000000f5580000,0x00000000f9380000)
  from space 52736K, 27% used [0x00000000fc680000,0x00000000fd4903f8,0x00000000ffa00000)
  to   space 52224K, 0% used [0x00000000f9380000,0x00000000f9380000,0x00000000fc680000)
 ParOldGen       total 349696K, used 204499K [0x00000000e0000000, 0x00000000f5580000, 0x00000000f5580000)
  object space 349696K, 58% used [0x00000000e0000000,0x00000000ec7b4c80,0x00000000f5580000)
 Metaspace       used 117446K, capacity 126066K, committed 126208K, reserved 1159168K
  class space    used 15457K, capacity 17314K, committed 17408K, reserved 1048576K
}
Event: 8266.471 GC heap before
{Heap before GC invocations=63 (full 6):
 PSYoungGen      total 116224K, used 77888K [0x00000000f5580000, 0x00000000ffa00000, 0x0000000100000000)
  eden space 63488K, 100% used [0x00000000f5580000,0x00000000f9380000,0x00000000f9380000)
  from space 52736K, 27% used [0x00000000fc680000,0x00000000fd4903f8,0x00000000ffa00000)
  to   space 52224K, 0% used [0x00000000f9380000,0x00000000f9380000,0x00000000fc680000)
 ParOldGen       total 349696K, used 204499K [0x00000000e0000000, 0x00000000f5580000, 0x00000000f5580000)
  object space 349696K, 58% used [0x00000000e0000000,0x00000000ec7b4c80,0x00000000f5580000)
 Metaspace       used 118705K, capacity 128162K, committed 128384K, reserved 1159168K
  class space    used 15670K, capacity 17750K, committed 17792K, reserved 1048576K
Event: 8266.495 GC heap after
Heap after GC invocations=63 (full 6):
 PSYoungGen      total 115712K, used 21874K [0x00000000f5580000, 0x00000000ffb80000, 0x0000000100000000)
  eden space 63488K, 0% used [0x00000000f5580000,0x00000000f5580000,0x00000000f9380000)
  from space 52224K, 41% used [0x00000000f9380000,0x00000000fa8dcba8,0x00000000fc680000)
  to   space 50176K, 0% used [0x00000000fca80000,0x00000000fca80000,0x00000000ffb80000)
 ParOldGen       total 349696K, used 204507K [0x00000000e0000000, 0x00000000f5580000, 0x00000000f5580000)
  object space 349696K, 58% used [0x00000000e0000000,0x00000000ec7b6c80,0x00000000f5580000)
 Metaspace       used 118705K, capacity 128162K, committed 128384K, reserved 1159168K
  class space    used 15670K, capacity 17750K, committed 17792K, reserved 1048576K
}
Event: 8267.008 GC heap before
{Heap before GC invocations=64 (full 6):
 PSYoungGen      total 115712K, used 85362K [0x00000000f5580000, 0x00000000ffb80000, 0x0000000100000000)
  eden space 63488K, 100% used [0x00000000f5580000,0x00000000f9380000,0x00000000f9380000)
  from space 52224K, 41% used [0x00000000f9380000,0x00000000fa8dcba8,0x00000000fc680000)
  to   space 50176K, 0% used [0x00000000fca80000,0x00000000fca80000,0x00000000ffb80000)
 ParOldGen       total 349696K, used 204507K [0x00000000e0000000, 0x00000000f5580000, 0x00000000f5580000)
  object space 349696K, 58% used [0x00000000e0000000,0x00000000ec7b6c80,0x00000000f5580000)
 Metaspace       used 121336K, capacity 131174K, committed 131200K, reserved 1163264K
  class space    used 16100K, capacity 18285K, committed 18304K, reserved 1048576K
Event: 8267.029 GC heap after
Heap after GC invocations=64 (full 6):
 PSYoungGen      total 118784K, used 29458K [0x00000000f5580000, 0x00000000ffe00000, 0x0000000100000000)
  eden space 68608K, 0% used [0x00000000f5580000,0x00000000f5580000,0x00000000f9880000)
  from space 50176K, 58% used [0x00000000fca80000,0x00000000fe744a30,0x00000000ffb80000)
  to   space 51200K, 0% used [0x00000000f9880000,0x00000000f9880000,0x00000000fca80000)
 ParOldGen       total 349696K, used 204515K [0x00000000e0000000, 0x00000000f5580000, 0x00000000f5580000)
  object space 349696K, 58% used [0x00000000e0000000,0x00000000ec7b8c80,0x00000000f5580000)
 Metaspace       used 121336K, capacity 131174K, committed 131200K, reserved 1163264K
  class space    used 16100K, capacity 18285K, committed 18304K, reserved 1048576K
}

Deoptimization events (10 events):
Event: 8271.272 Thread 0x00000000170ca800 Uncommon trap: reason=class_check action=maybe_recompile pc=0x00000000042300c0 method=org.gradle.api.internal.artifacts.repositories.resolver.AbstractDependencyMetadataAdapter.getOriginalMetadata()Lorg/gradle/internal/component/external/model/ModuleDepend
Event: 8271.272 Thread 0x00000000170ca800 Uncommon trap: reason=class_check action=maybe_recompile pc=0x00000000042300c0 method=org.gradle.api.internal.artifacts.repositories.resolver.AbstractDependencyMetadataAdapter.getOriginalMetadata()Lorg/gradle/internal/component/external/model/ModuleDepend
Event: 8271.273 Thread 0x00000000170ca800 Uncommon trap: reason=class_check action=maybe_recompile pc=0x00000000042300c0 method=org.gradle.api.internal.artifacts.repositories.resolver.AbstractDependencyMetadataAdapter.getOriginalMetadata()Lorg/gradle/internal/component/external/model/ModuleDepend
Event: 8271.273 Thread 0x00000000170ca800 Uncommon trap: reason=bimorphic action=maybe_recompile pc=0x0000000004218ed0 method=org.gradle.api.internal.artifacts.ivyservice.resolveengine.graph.builder.DependencyState.isDependencyForced()Z @ 17
Event: 8271.273 Thread 0x00000000170ca800 Uncommon trap: reason=bimorphic action=maybe_recompile pc=0x0000000006b667e4 method=org.gradle.api.internal.artifacts.ivyservice.resolveengine.graph.builder.DependencyState.isDependencyForced()Z @ 17
Event: 8271.273 Thread 0x00000000170ca800 Uncommon trap: reason=bimorphic action=maybe_recompile pc=0x0000000004218ed0 method=org.gradle.api.internal.artifacts.ivyservice.resolveengine.graph.builder.DependencyState.isDependencyForced()Z @ 17
Event: 8271.273 Thread 0x00000000170ca800 Uncommon trap: reason=bimorphic action=maybe_recompile pc=0x0000000006b667e4 method=org.gradle.api.internal.artifacts.ivyservice.resolveengine.graph.builder.DependencyState.isDependencyForced()Z @ 17
Event: 8271.273 Thread 0x00000000170ca800 Uncommon trap: reason=bimorphic action=maybe_recompile pc=0x0000000004218ed0 method=org.gradle.api.internal.artifacts.ivyservice.resolveengine.graph.builder.DependencyState.isDependencyForced()Z @ 17
Event: 8271.373 Thread 0x00000000170ca800 Uncommon trap: reason=unstable_if action=reinterpret pc=0x00000000072041cc method=com.sun.org.apache.xerces.internal.impl.XMLEntityScanner.arrangeCapacity(IZ)Z @ 59
Event: 8271.374 Thread 0x00000000170ca800 Uncommon trap: reason=unstable_if action=reinterpret pc=0x000000000498f3f0 method=com.sun.org.apache.xerces.internal.dom.NodeImpl.isNormalized(Z)V @ 1

Classes redefined (0 events):
No events

Internal exceptions (10 events):
Event: 8266.981 Thread 0x00000000170ca800 Exception <a 'java/lang/ClassNotFoundException': build_ei5o26zkd1h3bql8ls4fdg0a6BeanInfo> (0x00000000f909f030) thrown at [C:\re\workspace\8-2-build-windows-amd64-cygwin\jdk8u221\13320\hotspot\src\share\vm\classfile\systemDictionary.cpp, line 210]
Event: 8266.981 Thread 0x00000000170ca800 Exception <a 'java/lang/ClassNotFoundException': build_ei5o26zkd1h3bql8ls4fdg0a6Customizer> (0x00000000f90afbc0) thrown at [C:\re\workspace\8-2-build-windows-amd64-cygwin\jdk8u221\13320\hotspot\src\share\vm\classfile\systemDictionary.cpp, line 210]
Event: 8266.993 Thread 0x00000000170ca800 Exception <a 'java/lang/ClassNotFoundException': build_ei5o26zkd1h3bql8ls4fdg0a6$_run_closure1BeanInfo> (0x00000000f91cfd48) thrown at [C:\re\workspace\8-2-build-windows-amd64-cygwin\jdk8u221\13320\hotspot\src\share\vm\classfile\systemDictionary.cpp, line
Event: 8266.993 Thread 0x00000000170ca800 Exception <a 'java/lang/ClassNotFoundException': build_ei5o26zkd1h3bql8ls4fdg0a6$_run_closure1Customizer> (0x00000000f91e44f8) thrown at [C:\re\workspace\8-2-build-windows-amd64-cygwin\jdk8u221\13320\hotspot\src\share\vm\classfile\systemDictionary.cpp, li
Event: 8267.126 Thread 0x00000000170ca800 Exception <a 'java/lang/ClassNotFoundException': org/gradle/api/internal/artifacts/ivyservice/ivyresolve/strategy/DefaultVersionSelectorSchemeBeanInfo> (0x00000000f5dd4208) thrown at [C:\re\workspace\8-2-build-windows-amd64-cygwin\jdk8u221\13320\hotspot\s
Event: 8267.127 Thread 0x00000000170ca800 Exception <a 'java/lang/ClassNotFoundException': org/gradle/api/internal/artifacts/ivyservice/ivyresolve/strategy/DefaultVersionSelectorSchemeCustomizer> (0x00000000f5e20d10) thrown at [C:\re\workspace\8-2-build-windows-amd64-cygwin\jdk8u221\13320\hotspot
Event: 8267.130 Thread 0x00000000170ca800 Implicit null exception at 0x00000000042a53cf to 0x00000000042a5f8d
Event: 8267.130 Thread 0x00000000170ca800 Implicit null exception at 0x0000000006de78ec to 0x0000000006deab81
Event: 8267.285 Thread 0x00000000170ca800 Implicit null exception at 0x0000000006844e30 to 0x0000000006846429
Event: 8267.385 Thread 0x00000000170ca800 Implicit null exception at 0x00000000038034dd to 0x000000000380380d

Events (10 events):
Event: 8271.353 loading class org/gradle/internal/resource/cached/AbstractCachedIndex
Event: 8271.353 loading class org/gradle/internal/resource/cached/AbstractCachedIndex done
Event: 8271.353 loading class org/gradle/api/internal/artifacts/ivyservice/WritableArtifactCacheLockingManager$CacheLockingPersistentCache
Event: 8271.353 loading class org/gradle/api/internal/artifacts/ivyservice/WritableArtifactCacheLockingManager$CacheLockingPersistentCache done
Event: 8271.373 Thread 0x00000000170ca800 Uncommon trap: trap_request=0xffffff65 fr.pc=0x00000000072041cc
Event: 8271.373 Thread 0x00000000170ca800 DEOPT PACKING pc=0x00000000072041cc sp=0x0000000019d63ec0
Event: 8271.373 Thread 0x00000000170ca800 DEOPT UNPACKING pc=0x000000000259583b sp=0x0000000019d63d90 mode 2
Event: 8271.374 Thread 0x00000000170ca800 Uncommon trap: trap_request=0xffffff65 fr.pc=0x000000000498f3f0
Event: 8271.374 Thread 0x00000000170ca800 DEOPT PACKING pc=0x000000000498f3f0 sp=0x0000000019d64380
Event: 8271.374 Thread 0x00000000170ca800 DEOPT UNPACKING pc=0x000000000259583b sp=0x0000000019d64328 mode 2


Dynamic libraries:
0x00007ff7e43d0000 - 0x00007ff7e4407000 	C:\Program Files\Java\jdk1.8.0_221\bin\java.exe
0x00007fffb62d0000 - 0x00007fffb64c5000 	C:\Windows\SYSTEM32\ntdll.dll
0x00007fffb5830000 - 0x00007fffb58ed000 	C:\Windows\System32\KERNEL32.DLL
0x00007fffb3ec0000 - 0x00007fffb4189000 	C:\Windows\System32\KERNELBASE.dll
0x00007fffb55a0000 - 0x00007fffb564c000 	C:\Windows\System32\ADVAPI32.dll
0x00007fffb4b10000 - 0x00007fffb4bae000 	C:\Windows\System32\msvcrt.dll
0x00007fffb4f10000 - 0x00007fffb4fab000 	C:\Windows\System32\sechost.dll
0x00007fffb6160000 - 0x00007fffb628a000 	C:\Windows\System32\RPCRT4.dll
0x00007fffb5650000 - 0x00007fffb57f0000 	C:\Windows\System32\USER32.dll
0x00007fffb3e30000 - 0x00007fffb3e52000 	C:\Windows\System32\win32u.dll
0x00007fffb4d30000 - 0x00007fffb4d5a000 	C:\Windows\System32\GDI32.dll
0x00007fffb3d20000 - 0x00007fffb3e2b000 	C:\Windows\System32\gdi32full.dll
0x00007fffb3a40000 - 0x00007fffb3add000 	C:\Windows\System32\msvcp_win.dll
0x00007fffb4240000 - 0x00007fffb4340000 	C:\Windows\System32\ucrtbase.dll
0x00007fff9bec0000 - 0x00007fff9c15a000 	C:\Windows\WinSxS\amd64_microsoft.windows.common-controls_6595b64144ccf1df_6.0.19041.1110_none_60b5254171f9507e\COMCTL32.dll
0x00007fffb57f0000 - 0x00007fffb5820000 	C:\Windows\System32\IMM32.DLL
0x0000000070df0000 - 0x0000000070ec2000 	C:\Program Files\Java\jdk1.8.0_221\jre\bin\msvcr100.dll
0x000000006fe20000 - 0x00000000706c5000 	C:\Program Files\Java\jdk1.8.0_221\jre\bin\server\jvm.dll
0x00007fffb5590000 - 0x00007fffb5598000 	C:\Windows\System32\PSAPI.DLL
0x00007fff987f0000 - 0x00007fff98817000 	C:\Windows\SYSTEM32\WINMM.dll
0x00007fff96de0000 - 0x00007fff96de9000 	C:\Windows\SYSTEM32\WSOCK32.dll
0x00007fffa9390000 - 0x00007fffa939a000 	C:\Windows\SYSTEM32\VERSION.dll
0x00007fffb4bb0000 - 0x00007fffb4c1b000 	C:\Windows\System32\WS2_32.dll
0x00007fffa5760000 - 0x00007fffa576f000 	C:\Program Files\Java\jdk1.8.0_221\jre\bin\verify.dll
0x00007fff90460000 - 0x00007fff90489000 	C:\Program Files\Java\jdk1.8.0_221\jre\bin\java.dll
0x00007fff8efa0000 - 0x00007fff8efb6000 	C:\Program Files\Java\jdk1.8.0_221\jre\bin\zip.dll
0x00007fffb59c0000 - 0x00007fffb60ff000 	C:\Windows\System32\SHELL32.dll
0x00007fffb1710000 - 0x00007fffb1ea1000 	C:\Windows\SYSTEM32\windows.storage.dll
0x00007fffb5040000 - 0x00007fffb5395000 	C:\Windows\System32\combase.dll
0x00007fffb3480000 - 0x00007fffb34ac000 	C:\Windows\SYSTEM32\Wldp.dll
0x00007fffb4c20000 - 0x00007fffb4cce000 	C:\Windows\System32\SHCORE.dll
0x00007fffb4a90000 - 0x00007fffb4ae5000 	C:\Windows\System32\shlwapi.dll
0x00007fffb3950000 - 0x00007fffb396f000 	C:\Windows\SYSTEM32\profapi.dll
0x00007fff8eaf0000 - 0x00007fff8eb0a000 	C:\Program Files\Java\jdk1.8.0_221\jre\bin\net.dll
0x00007fff9e110000 - 0x00007fff9e2fc000 	C:\Windows\SYSTEM32\urlmon.dll
0x00007fffa1490000 - 0x00007fffa1740000 	C:\Windows\SYSTEM32\iertutil.dll
0x00007fffa6d80000 - 0x00007fffa6da8000 	C:\Windows\SYSTEM32\srvcli.dll
0x00007fffb2f90000 - 0x00007fffb2f9c000 	C:\Windows\SYSTEM32\netutils.dll
0x00007fffb31e0000 - 0x00007fffb324a000 	C:\Windows\system32\mswsock.dll
0x00007fff8e980000 - 0x00007fff8e992000 	C:\Program Files\Java\jdk1.8.0_221\jre\bin\nio.dll
0x00007fff8dee0000 - 0x00007fff8df0a000 	C:\Users\marco\.gradle\native\36\windows-amd64\native-platform.dll
0x00007fff97030000 - 0x00007fff9703d000 	C:\Program Files\Java\jdk1.8.0_221\jre\bin\management.dll
0x00007fffb33d0000 - 0x00007fffb33e8000 	C:\Windows\SYSTEM32\CRYPTSP.dll
0x00007fffb2ad0000 - 0x00007fffb2b04000 	C:\Windows\system32\rsaenh.dll
0x00007fffb3a10000 - 0x00007fffb3a37000 	C:\Windows\System32\bcrypt.dll
0x00007fffb38d0000 - 0x00007fffb38fe000 	C:\Windows\SYSTEM32\USERENV.dll
0x00007fffb3ae0000 - 0x00007fffb3b63000 	C:\Windows\System32\bcryptprimitives.dll
0x00007fffb33c0000 - 0x00007fffb33cc000 	C:\Windows\SYSTEM32\CRYPTBASE.dll
0x00007fffb2e80000 - 0x00007fffb2ebb000 	C:\Windows\SYSTEM32\IPHLPAPI.DLL
0x00007fffb4610000 - 0x00007fffb4618000 	C:\Windows\System32\NSI.dll
0x00007fffa7b30000 - 0x00007fffa7b47000 	C:\Windows\SYSTEM32\dhcpcsvc6.DLL
0x00007fffa7dc0000 - 0x00007fffa7ddd000 	C:\Windows\SYSTEM32\dhcpcsvc.DLL
0x00007fffb2ec0000 - 0x00007fffb2f8c000 	C:\Windows\SYSTEM32\DNSAPI.dll
0x00007fff97210000 - 0x00007fff97234000 	C:\Program Files\Java\jdk1.8.0_221\jre\bin\sunec.dll
0x00007fff999d0000 - 0x00007fff999da000 	C:\Windows\System32\rasadhlp.dll
0x00007fffa4590000 - 0x00007fffa460f000 	C:\Windows\System32\fwpuclnt.dll
0x00007fffab440000 - 0x00007fffab44b000 	C:\Program Files\Java\jdk1.8.0_221\jre\bin\sunmscapi.dll
0x00007fffb3bc0000 - 0x00007fffb3d1f000 	C:\Windows\System32\CRYPT32.dll
0x00007fffb2800000 - 0x00007fffb2833000 	C:\Windows\SYSTEM32\ntmarta.dll
0x00007fff384c0000 - 0x00007fff38659000 	C:\Program Files\Java\jdk1.8.0_221\jre\bin\awt.dll
0x00007fffb58f0000 - 0x00007fffb59bd000 	C:\Windows\System32\OLEAUT32.dll
0x00007fffadd50000 - 0x00007fffadde0000 	C:\Windows\SYSTEM32\apphelp.dll
0x00007fffade50000 - 0x00007fffadeee000 	C:\Windows\system32\uxtheme.dll
0x00007fffb4340000 - 0x00007fffb4455000 	C:\Windows\System32\MSCTF.dll
0x00007fffb4460000 - 0x00007fffb458a000 	C:\Windows\System32\ole32.dll
0x00007fffb22c0000 - 0x00007fffb22d2000 	C:\Windows\SYSTEM32\kernel.appcore.dll
0x00007fffb1f80000 - 0x00007fffb2164000 	C:\Windows\SYSTEM32\dbghelp.dll

VM Arguments:
jvm_args: -XX:MaxMetaspaceSize=256m -XX:+HeapDumpOnOutOfMemoryError -Xms256m -Xmx512m -Dfile.encoding=windows-1252 -Duser.country=BR -Duser.language=pt -Duser.variant 
java_command: org.gradle.launcher.daemon.bootstrap.GradleDaemon 6.2
java_class_path (initial): C:\Users\marco\.gradle\wrapper\dists\gradle-6.2-all\dvufqs6kielxeao781pmk5huj\gradle-6.2\lib\gradle-launcher-6.2.jar
Launcher Type: SUN_STANDARD

Environment Variables:
JAVA_HOME=C:\Program Files\Java\jdk1.8.0_221
CLASSPATH=C:\Users\marco\source\repos\Poli\TCC\BeaconTrackerNative\android\\gradle\wrapper\gradle-wrapper.jar
USERNAME=marco
OS=Windows_NT
PROCESSOR_IDENTIFIER=Intel64 Family 6 Model 142 Stepping 10, GenuineIntel



---------------  S Y S T E M  ---------------

OS: Windows 10.0 , 64 bit Build 19041 (10.0.19041.1023)

CPU:total 8 (initial active 8) (4 cores per cpu, 2 threads per core) family 6 model 142 stepping 10, cmov, cx8, fxsr, mmx, sse, sse2, sse3, ssse3, sse4.1, sse4.2, popcnt, avx, avx2, aes, clmul, erms, 3dnowpref, lzcnt, ht, tsc, tscinvbit, bmi1, bmi2, adx

Memory: 4k page, physical 16671956k(5506996k free), swap 26109140k(5745016k free)

vm_info: Java HotSpot(TM) 64-Bit Server VM (25.221-b11) for windows-amd64 JRE (1.8.0_221-b11), built on Jul  4 2019 04:39:29 by "java_re" with MS VC++ 10.0 (VS2010)

time: Fri Jul 23 17:26:21 2021
timezone: Hora oficial do Brasil
elapsed time: 8271 seconds (0d 2h 17m 51s)

